<?xml version="1.0" encoding="UTF-8"?>
<!-- Generated by org.testng.reporters.JUnitReportReporter -->
<testsuite name="dropdowns.Dropdown" tests="2" time="5.075" ignored="0" failures="0" timestamp="01 Oct 2021 07:03:17 GMT" skipped="0" hostname="LAPTOP-75G6PTHA" errors="2">
  <testcase name="main" time="3.346" classname="dropdowns.Dropdown">
    <error type="org.openqa.selenium.SessionNotCreatedException" message="session not created: This version of ChromeDriver only supports Chrome version 90
Current browser version is 94.0.4606.71 with binary path C:\Program Files\Google\Chrome\Application\chrome.exe
Build info: version: &#039;3.141.59&#039;, revision: &#039;e82be7d358&#039;, time: &#039;2018-11-14T08:25:53&#039;
System info: host: &#039;LAPTOP-75G6PTHA&#039;, ip: &#039;192.168.56.1&#039;, os.name: &#039;Windows 10&#039;, os.arch: &#039;amd64&#039;, os.version: &#039;10.0&#039;, java.version: &#039;1.8.0_281&#039;
Driver info: driver.version: ChromeDriver
remote stacktrace: Backtrace:
	Ordinal0 [0x00E5C013+2474003]
	Ordinal0 [0x00DF29C1+2042305]
	Ordinal0 [0x00D02F68+1060712]
	Ordinal0 [0x00D2188E+1185934]
	Ordinal0 [0x00D1D600+1168896]
	Ordinal0 [0x00D1AA83+1157763]
	Ordinal0 [0x00D4A2A2+1352354]
	Ordinal0 [0x00D48FAA+1347498]
	Ordinal0 [0x00D466DB+1337051]
	Ordinal0 [0x00D23427+1192999]
	Ordinal0 [0x00D242EE+1196782]
	Ordinal0 [0x00D24279+1196665]
	GetHandleVerifier [0x00FE96FC+1590332]
	GetHandleVerifier [0x01098614+2306900]
	GetHandleVerifier [0x00EE9E93+543699]
	GetHandleVerifier [0x00EE92CE+540686]
	Ordinal0 [0x00DF86BA+2066106]
	Ordinal0 [0x00DFD1C8+2085320]
	Ordinal0 [0x00DFD308+2085640]
	Ordinal0 [0x00E067F3+2123763]
	BaseThreadInitThunk [0x7632FA29+25]
	RtlGetAppContainerNamedObjectPath [0x77877A7E+286]
	RtlGetAppContainerNamedObjectPath [0x77877A4E+238]
">
      <![CDATA[org.openqa.selenium.SessionNotCreatedException: session not created: This version of ChromeDriver only supports Chrome version 90
Current browser version is 94.0.4606.71 with binary path C:\Program Files\Google\Chrome\Application\chrome.exe
Build info: version: '3.141.59', revision: 'e82be7d358', time: '2018-11-14T08:25:53'
System info: host: 'LAPTOP-75G6PTHA', ip: '192.168.56.1', os.name: 'Windows 10', os.arch: 'amd64', os.version: '10.0', java.version: '1.8.0_281'
Driver info: driver.version: ChromeDriver
remote stacktrace: Backtrace:
	Ordinal0 [0x00E5C013+2474003]
	Ordinal0 [0x00DF29C1+2042305]
	Ordinal0 [0x00D02F68+1060712]
	Ordinal0 [0x00D2188E+1185934]
	Ordinal0 [0x00D1D600+1168896]
	Ordinal0 [0x00D1AA83+1157763]
	Ordinal0 [0x00D4A2A2+1352354]
	Ordinal0 [0x00D48FAA+1347498]
	Ordinal0 [0x00D466DB+1337051]
	Ordinal0 [0x00D23427+1192999]
	Ordinal0 [0x00D242EE+1196782]
	Ordinal0 [0x00D24279+1196665]
	GetHandleVerifier [0x00FE96FC+1590332]
	GetHandleVerifier [0x01098614+2306900]
	GetHandleVerifier [0x00EE9E93+543699]
	GetHandleVerifier [0x00EE92CE+540686]
	Ordinal0 [0x00DF86BA+2066106]
	Ordinal0 [0x00DFD1C8+2085320]
	Ordinal0 [0x00DFD308+2085640]
	Ordinal0 [0x00E067F3+2123763]
	BaseThreadInitThunk [0x7632FA29+25]
	RtlGetAppContainerNamedObjectPath [0x77877A7E+286]
	RtlGetAppContainerNamedObjectPath [0x77877A4E+238]

	at sun.reflect.NativeConstructorAccessorImpl.newInstance0(Native Method)
	at sun.reflect.NativeConstructorAccessorImpl.newInstance(Unknown Source)
	at sun.reflect.DelegatingConstructorAccessorImpl.newInstance(Unknown Source)
	at java.lang.reflect.Constructor.newInstance(Unknown Source)
	at org.openqa.selenium.remote.W3CHandshakeResponse.lambda$errorHandler$0(W3CHandshakeResponse.java:62)
	at org.openqa.selenium.remote.HandshakeResponse.lambda$getResponseFunction$0(HandshakeResponse.java:30)
	at org.openqa.selenium.remote.ProtocolHandshake.lambda$createSession$0(ProtocolHandshake.java:126)
	at java.util.stream.ReferencePipeline$3$1.accept(Unknown Source)
	at java.util.Spliterators$ArraySpliterator.tryAdvance(Unknown Source)
	at java.util.stream.ReferencePipeline.forEachWithCancel(Unknown Source)
	at java.util.stream.AbstractPipeline.copyIntoWithCancel(Unknown Source)
	at java.util.stream.AbstractPipeline.copyInto(Unknown Source)
	at java.util.stream.AbstractPipeline.wrapAndCopyInto(Unknown Source)
	at java.util.stream.FindOps$FindOp.evaluateSequential(Unknown Source)
	at java.util.stream.AbstractPipeline.evaluate(Unknown Source)
	at java.util.stream.ReferencePipeline.findFirst(Unknown Source)
	at org.openqa.selenium.remote.ProtocolHandshake.createSession(ProtocolHandshake.java:128)
	at org.openqa.selenium.remote.ProtocolHandshake.createSession(ProtocolHandshake.java:74)
	at org.openqa.selenium.remote.HttpCommandExecutor.execute(HttpCommandExecutor.java:136)
	at org.openqa.selenium.remote.service.DriverCommandExecutor.execute(DriverCommandExecutor.java:83)
	at org.openqa.selenium.remote.RemoteWebDriver.execute(RemoteWebDriver.java:552)
	at org.openqa.selenium.remote.RemoteWebDriver.startSession(RemoteWebDriver.java:213)
	at org.openqa.selenium.remote.RemoteWebDriver.<init>(RemoteWebDriver.java:131)
	at org.openqa.selenium.chrome.ChromeDriver.<init>(ChromeDriver.java:181)
	at org.openqa.selenium.chrome.ChromeDriver.<init>(ChromeDriver.java:168)
	at org.openqa.selenium.chrome.ChromeDriver.<init>(ChromeDriver.java:123)
	at dropdowns.Dropdown.main(Dropdown.java:17)
	at sun.reflect.NativeMethodAccessorImpl.invoke0(Native Method)
	at sun.reflect.NativeMethodAccessorImpl.invoke(Unknown Source)
	at sun.reflect.DelegatingMethodAccessorImpl.invoke(Unknown Source)
	at java.lang.reflect.Method.invoke(Unknown Source)
	at org.testng.internal.MethodInvocationHelper.invokeMethod(MethodInvocationHelper.java:104)
	at org.testng.internal.Invoker.invokeMethod(Invoker.java:645)
	at org.testng.internal.Invoker.invokeTestMethod(Invoker.java:851)
	at org.testng.internal.Invoker.invokeTestMethods(Invoker.java:1177)
	at org.testng.internal.TestMethodWorker.invokeTestMethods(TestMethodWorker.java:129)
	at org.testng.internal.TestMethodWorker.run(TestMethodWorker.java:112)
	at org.testng.TestRunner.privateRun(TestRunner.java:756)
	at org.testng.TestRunner.run(TestRunner.java:610)
	at org.testng.SuiteRunner.runTest(SuiteRunner.java:387)
	at org.testng.SuiteRunner.runSequentially(SuiteRunner.java:382)
	at org.testng.SuiteRunner.privateRun(SuiteRunner.java:340)
	at org.testng.SuiteRunner.run(SuiteRunner.java:289)
	at org.testng.SuiteRunnerWorker.runSuite(SuiteRunnerWorker.java:52)
	at org.testng.SuiteRunnerWorker.run(SuiteRunnerWorker.java:86)
	at org.testng.TestNG.runSuitesSequentially(TestNG.java:1293)
	at org.testng.TestNG.runSuitesLocally(TestNG.java:1218)
	at org.testng.TestNG.runSuites(TestNG.java:1133)
	at org.testng.TestNG.run(TestNG.java:1104)
	at org.testng.remote.AbstractRemoteTestNG.run(AbstractRemoteTestNG.java:132)
	at org.testng.remote.RemoteTestNG.initAndRun(RemoteTestNG.java:236)
	at org.testng.remote.RemoteTestNG.main(RemoteTestNG.java:81)
]]>
    </error>
  </testcase> <!-- main -->
  <testcase name="main" time="1.729" classname="dropdowns.Dropdown">
    <error type="org.openqa.selenium.SessionNotCreatedException" message="session not created: This version of ChromeDriver only supports Chrome version 90
Current browser version is 94.0.4606.71 with binary path C:\Program Files\Google\Chrome\Application\chrome.exe
Build info: version: &#039;3.141.59&#039;, revision: &#039;e82be7d358&#039;, time: &#039;2018-11-14T08:25:53&#039;
System info: host: &#039;LAPTOP-75G6PTHA&#039;, ip: &#039;192.168.56.1&#039;, os.name: &#039;Windows 10&#039;, os.arch: &#039;amd64&#039;, os.version: &#039;10.0&#039;, java.version: &#039;1.8.0_281&#039;
Driver info: driver.version: ChromeDriver
remote stacktrace: Backtrace:
	Ordinal0 [0x00E5C013+2474003]
	Ordinal0 [0x00DF29C1+2042305]
	Ordinal0 [0x00D02F68+1060712]
	Ordinal0 [0x00D2188E+1185934]
	Ordinal0 [0x00D1D600+1168896]
	Ordinal0 [0x00D1AA83+1157763]
	Ordinal0 [0x00D4A2A2+1352354]
	Ordinal0 [0x00D48FAA+1347498]
	Ordinal0 [0x00D466DB+1337051]
	Ordinal0 [0x00D23427+1192999]
	Ordinal0 [0x00D242EE+1196782]
	Ordinal0 [0x00D24279+1196665]
	GetHandleVerifier [0x00FE96FC+1590332]
	GetHandleVerifier [0x01098614+2306900]
	GetHandleVerifier [0x00EE9E93+543699]
	GetHandleVerifier [0x00EE92CE+540686]
	Ordinal0 [0x00DF86BA+2066106]
	Ordinal0 [0x00DFD1C8+2085320]
	Ordinal0 [0x00DFD308+2085640]
	Ordinal0 [0x00E067F3+2123763]
	BaseThreadInitThunk [0x7632FA29+25]
	RtlGetAppContainerNamedObjectPath [0x77877A7E+286]
	RtlGetAppContainerNamedObjectPath [0x77877A4E+238]
">
      <![CDATA[org.openqa.selenium.SessionNotCreatedException: session not created: This version of ChromeDriver only supports Chrome version 90
Current browser version is 94.0.4606.71 with binary path C:\Program Files\Google\Chrome\Application\chrome.exe
Build info: version: '3.141.59', revision: 'e82be7d358', time: '2018-11-14T08:25:53'
System info: host: 'LAPTOP-75G6PTHA', ip: '192.168.56.1', os.name: 'Windows 10', os.arch: 'amd64', os.version: '10.0', java.version: '1.8.0_281'
Driver info: driver.version: ChromeDriver
remote stacktrace: Backtrace:
	Ordinal0 [0x00E5C013+2474003]
	Ordinal0 [0x00DF29C1+2042305]
	Ordinal0 [0x00D02F68+1060712]
	Ordinal0 [0x00D2188E+1185934]
	Ordinal0 [0x00D1D600+1168896]
	Ordinal0 [0x00D1AA83+1157763]
	Ordinal0 [0x00D4A2A2+1352354]
	Ordinal0 [0x00D48FAA+1347498]
	Ordinal0 [0x00D466DB+1337051]
	Ordinal0 [0x00D23427+1192999]
	Ordinal0 [0x00D242EE+1196782]
	Ordinal0 [0x00D24279+1196665]
	GetHandleVerifier [0x00FE96FC+1590332]
	GetHandleVerifier [0x01098614+2306900]
	GetHandleVerifier [0x00EE9E93+543699]
	GetHandleVerifier [0x00EE92CE+540686]
	Ordinal0 [0x00DF86BA+2066106]
	Ordinal0 [0x00DFD1C8+2085320]
	Ordinal0 [0x00DFD308+2085640]
	Ordinal0 [0x00E067F3+2123763]
	BaseThreadInitThunk [0x7632FA29+25]
	RtlGetAppContainerNamedObjectPath [0x77877A7E+286]
	RtlGetAppContainerNamedObjectPath [0x77877A4E+238]

	at sun.reflect.NativeConstructorAccessorImpl.newInstance0(Native Method)
	at sun.reflect.NativeConstructorAccessorImpl.newInstance(Unknown Source)
	at sun.reflect.DelegatingConstructorAccessorImpl.newInstance(Unknown Source)
	at java.lang.reflect.Constructor.newInstance(Unknown Source)
	at org.openqa.selenium.remote.W3CHandshakeResponse.lambda$errorHandler$0(W3CHandshakeResponse.java:62)
	at org.openqa.selenium.remote.HandshakeResponse.lambda$getResponseFunction$0(HandshakeResponse.java:30)
	at org.openqa.selenium.remote.ProtocolHandshake.lambda$createSession$0(ProtocolHandshake.java:126)
	at java.util.stream.ReferencePipeline$3$1.accept(Unknown Source)
	at java.util.Spliterators$ArraySpliterator.tryAdvance(Unknown Source)
	at java.util.stream.ReferencePipeline.forEachWithCancel(Unknown Source)
	at java.util.stream.AbstractPipeline.copyIntoWithCancel(Unknown Source)
	at java.util.stream.AbstractPipeline.copyInto(Unknown Source)
	at java.util.stream.AbstractPipeline.wrapAndCopyInto(Unknown Source)
	at java.util.stream.FindOps$FindOp.evaluateSequential(Unknown Source)
	at java.util.stream.AbstractPipeline.evaluate(Unknown Source)
	at java.util.stream.ReferencePipeline.findFirst(Unknown Source)
	at org.openqa.selenium.remote.ProtocolHandshake.createSession(ProtocolHandshake.java:128)
	at org.openqa.selenium.remote.ProtocolHandshake.createSession(ProtocolHandshake.java:74)
	at org.openqa.selenium.remote.HttpCommandExecutor.execute(HttpCommandExecutor.java:136)
	at org.openqa.selenium.remote.service.DriverCommandExecutor.execute(DriverCommandExecutor.java:83)
	at org.openqa.selenium.remote.RemoteWebDriver.execute(RemoteWebDriver.java:552)
	at org.openqa.selenium.remote.RemoteWebDriver.startSession(RemoteWebDriver.java:213)
	at org.openqa.selenium.remote.RemoteWebDriver.<init>(RemoteWebDriver.java:131)
	at org.openqa.selenium.chrome.ChromeDriver.<init>(ChromeDriver.java:181)
	at org.openqa.selenium.chrome.ChromeDriver.<init>(ChromeDriver.java:168)
	at org.openqa.selenium.chrome.ChromeDriver.<init>(ChromeDriver.java:123)
	at dropdowns.Dropdown.main(Dropdown.java:17)
	at sun.reflect.NativeMethodAccessorImpl.invoke0(Native Method)
	at sun.reflect.NativeMethodAccessorImpl.invoke(Unknown Source)
	at sun.reflect.DelegatingMethodAccessorImpl.invoke(Unknown Source)
	at java.lang.reflect.Method.invoke(Unknown Source)
	at org.testng.internal.MethodInvocationHelper.invokeMethod(MethodInvocationHelper.java:104)
	at org.testng.internal.Invoker.invokeMethod(Invoker.java:645)
	at org.testng.internal.Invoker.invokeTestMethod(Invoker.java:851)
	at org.testng.internal.Invoker.invokeTestMethods(Invoker.java:1177)
	at org.testng.internal.TestMethodWorker.invokeTestMethods(TestMethodWorker.java:129)
	at org.testng.internal.TestMethodWorker.run(TestMethodWorker.java:112)
	at org.testng.TestRunner.privateRun(TestRunner.java:756)
	at org.testng.TestRunner.run(TestRunner.java:610)
	at org.testng.SuiteRunner.runTest(SuiteRunner.java:387)
	at org.testng.SuiteRunner.runSequentially(SuiteRunner.java:382)
	at org.testng.SuiteRunner.privateRun(SuiteRunner.java:340)
	at org.testng.SuiteRunner.run(SuiteRunner.java:289)
	at org.testng.SuiteRunnerWorker.runSuite(SuiteRunnerWorker.java:52)
	at org.testng.SuiteRunnerWorker.run(SuiteRunnerWorker.java:86)
	at org.testng.TestNG.runSuitesSequentially(TestNG.java:1293)
	at org.testng.TestNG.runSuitesLocally(TestNG.java:1218)
	at org.testng.TestNG.runSuites(TestNG.java:1133)
	at org.testng.TestNG.run(TestNG.java:1104)
	at org.testng.remote.AbstractRemoteTestNG.run(AbstractRemoteTestNG.java:132)
	at org.testng.remote.RemoteTestNG.initAndRun(RemoteTestNG.java:236)
	at org.testng.remote.RemoteTestNG.main(RemoteTestNG.java:81)
]]>
    </error>
  </testcase> <!-- main -->
</testsuite> <!-- dropdowns.Dropdown -->
